<?xml version="1.0" encoding="UTF-8"?>
<testsuite name="Hameo.Hameospring1.HameoSpring1ApplicationTests" tests="1" skipped="0" failures="0" errors="0" timestamp="2021-11-05T08:51:59" hostname="DESKTOP-05U7VN1" time="0.602">
  <properties/>
  <testcase name="contextLoads()" classname="Hameo.Hameospring1.HameoSpring1ApplicationTests" time="0.602"/>
  <system-out><![CDATA[17:51:56.518 [Test worker] DEBUG org.springframework.test.context.BootstrapUtils - Instantiating CacheAwareContextLoaderDelegate from class [org.springframework.test.context.cache.DefaultCacheAwareContextLoaderDelegate]
17:51:56.535 [Test worker] DEBUG org.springframework.test.context.BootstrapUtils - Instantiating BootstrapContext using constructor [public org.springframework.test.context.support.DefaultBootstrapContext(java.lang.Class,org.springframework.test.context.CacheAwareContextLoaderDelegate)]
17:51:56.580 [Test worker] DEBUG org.springframework.test.context.BootstrapUtils - Instantiating TestContextBootstrapper for test class [Hameo.Hameospring1.HameoSpring1ApplicationTests] from class [org.springframework.boot.test.context.SpringBootTestContextBootstrapper]
17:51:56.596 [Test worker] INFO org.springframework.boot.test.context.SpringBootTestContextBootstrapper - Neither @ContextConfiguration nor @ContextHierarchy found for test class [Hameo.Hameospring1.HameoSpring1ApplicationTests], using SpringBootContextLoader
17:51:56.601 [Test worker] DEBUG org.springframework.test.context.support.AbstractContextLoader - Did not detect default resource location for test class [Hameo.Hameospring1.HameoSpring1ApplicationTests]: class path resource [Hameo/Hameospring1/HameoSpring1ApplicationTests-context.xml] does not exist
17:51:56.602 [Test worker] DEBUG org.springframework.test.context.support.AbstractContextLoader - Did not detect default resource location for test class [Hameo.Hameospring1.HameoSpring1ApplicationTests]: class path resource [Hameo/Hameospring1/HameoSpring1ApplicationTestsContext.groovy] does not exist
17:51:56.602 [Test worker] INFO org.springframework.test.context.support.AbstractContextLoader - Could not detect default resource locations for test class [Hameo.Hameospring1.HameoSpring1ApplicationTests]: no resource found for suffixes {-context.xml, Context.groovy}.
17:51:56.603 [Test worker] INFO org.springframework.test.context.support.AnnotationConfigContextLoaderUtils - Could not detect default configuration classes for test class [Hameo.Hameospring1.HameoSpring1ApplicationTests]: HameoSpring1ApplicationTests does not declare any static, non-private, non-final, nested classes annotated with @Configuration.
17:51:56.660 [Test worker] DEBUG org.springframework.test.context.support.ActiveProfilesUtils - Could not find an 'annotation declaring class' for annotation type [org.springframework.test.context.ActiveProfiles] and class [Hameo.Hameospring1.HameoSpring1ApplicationTests]
17:51:56.742 [Test worker] DEBUG org.springframework.context.annotation.ClassPathScanningCandidateComponentProvider - Identified candidate component class: file [C:\Hameo-spring1\Hameo-spring1\build\classes\java\main\Hameo\Hameospring1\HameoSpring1Application.class]
17:51:56.744 [Test worker] INFO org.springframework.boot.test.context.SpringBootTestContextBootstrapper - Found @SpringBootConfiguration Hameo.Hameospring1.HameoSpring1Application for test class Hameo.Hameospring1.HameoSpring1ApplicationTests
17:51:56.888 [Test worker] DEBUG org.springframework.boot.test.context.SpringBootTestContextBootstrapper - @TestExecutionListeners is not present for class [Hameo.Hameospring1.HameoSpring1ApplicationTests]: using defaults.
17:51:56.889 [Test worker] INFO org.springframework.boot.test.context.SpringBootTestContextBootstrapper - Loaded default TestExecutionListener class names from location [META-INF/spring.factories]: [org.springframework.boot.test.autoconfigure.restdocs.RestDocsTestExecutionListener, org.springframework.boot.test.autoconfigure.web.client.MockRestServiceServerResetTestExecutionListener, org.springframework.boot.test.autoconfigure.web.servlet.MockMvcPrintOnlyOnFailureTestExecutionListener, org.springframework.boot.test.autoconfigure.web.servlet.WebDriverTestExecutionListener, org.springframework.boot.test.autoconfigure.webservices.client.MockWebServiceServerTestExecutionListener, org.springframework.boot.test.mock.mockito.MockitoTestExecutionListener, org.springframework.boot.test.mock.mockito.ResetMocksTestExecutionListener, org.springframework.test.context.web.ServletTestExecutionListener, org.springframework.test.context.support.DirtiesContextBeforeModesTestExecutionListener, org.springframework.test.context.event.ApplicationEventsTestExecutionListener, org.springframework.test.context.support.DependencyInjectionTestExecutionListener, org.springframework.test.context.support.DirtiesContextTestExecutionListener, org.springframework.test.context.transaction.TransactionalTestExecutionListener, org.springframework.test.context.jdbc.SqlScriptsTestExecutionListener, org.springframework.test.context.event.EventPublishingTestExecutionListener]
17:51:56.909 [Test worker] DEBUG org.springframework.boot.test.context.SpringBootTestContextBootstrapper - Skipping candidate TestExecutionListener [org.springframework.test.context.transaction.TransactionalTestExecutionListener] due to a missing dependency. Specify custom listener classes or make the default listener classes and their required dependencies available. Offending class: [org/springframework/transaction/interceptor/TransactionAttributeSource]
17:51:56.910 [Test worker] DEBUG org.springframework.boot.test.context.SpringBootTestContextBootstrapper - Skipping candidate TestExecutionListener [org.springframework.test.context.jdbc.SqlScriptsTestExecutionListener] due to a missing dependency. Specify custom listener classes or make the default listener classes and their required dependencies available. Offending class: [org/springframework/transaction/interceptor/TransactionAttribute]
17:51:56.910 [Test worker] INFO org.springframework.boot.test.context.SpringBootTestContextBootstrapper - Using TestExecutionListeners: [org.springframework.test.context.web.ServletTestExecutionListener@54227100, org.springframework.test.context.support.DirtiesContextBeforeModesTestExecutionListener@6b5894c8, org.springframework.test.context.event.ApplicationEventsTestExecutionListener@1433046b, org.springframework.boot.test.mock.mockito.MockitoTestExecutionListener@3f446bef, org.springframework.boot.test.autoconfigure.SpringBootDependencyInjectionTestExecutionListener@7829b776, org.springframework.test.context.support.DirtiesContextTestExecutionListener@5778826f, org.springframework.test.context.event.EventPublishingTestExecutionListener@5b64c4b7, org.springframework.boot.test.autoconfigure.restdocs.RestDocsTestExecutionListener@4763c727, org.springframework.boot.test.autoconfigure.web.client.MockRestServiceServerResetTestExecutionListener@72445aba, org.springframework.boot.test.autoconfigure.web.servlet.MockMvcPrintOnlyOnFailureTestExecutionListener@61bcd567, org.springframework.boot.test.autoconfigure.web.servlet.WebDriverTestExecutionListener@1c80e49b, org.springframework.boot.test.autoconfigure.webservices.client.MockWebServiceServerTestExecutionListener@458342d3, org.springframework.boot.test.mock.mockito.ResetMocksTestExecutionListener@15c25153]
17:51:56.916 [Test worker] DEBUG org.springframework.test.context.support.AbstractDirtiesContextTestExecutionListener - Before test class: context [DefaultTestContext@426b6a74 testClass = HameoSpring1ApplicationTests, testInstance = [null], testMethod = [null], testException = [null], mergedContextConfiguration = [WebMergedContextConfiguration@4c51bb7 testClass = HameoSpring1ApplicationTests, locations = '{}', classes = '{class Hameo.Hameospring1.HameoSpring1Application}', contextInitializerClasses = '[]', activeProfiles = '{}', propertySourceLocations = '{}', propertySourceProperties = '{org.springframework.boot.test.context.SpringBootTestContextBootstrapper=true}', contextCustomizers = set[org.springframework.boot.test.autoconfigure.actuate.metrics.MetricsExportContextCustomizerFactory$DisableMetricExportContextCustomizer@1e097d59, org.springframework.boot.test.autoconfigure.properties.PropertyMappingContextCustomizer@0, org.springframework.boot.test.autoconfigure.web.servlet.WebDriverContextCustomizerFactory$Customizer@2ef14fe, org.springframework.boot.test.context.filter.ExcludeFilterContextCustomizer@7331196b, org.springframework.boot.test.json.DuplicateJsonObjectContextCustomizerFactory$DuplicateJsonObjectContextCustomizer@50d13246, org.springframework.boot.test.mock.mockito.MockitoContextCustomizer@0, org.springframework.boot.test.web.client.TestRestTemplateContextCustomizer@4331d187, org.springframework.boot.test.context.SpringBootTestArgs@1, org.springframework.boot.test.context.SpringBootTestWebEnvironment@503d687a], resourceBasePath = 'src/main/webapp', contextLoader = 'org.springframework.boot.test.context.SpringBootContextLoader', parent = [null]], attributes = map['org.springframework.test.context.web.ServletTestExecutionListener.activateListener' -> true]], class annotated with @DirtiesContext [false] with mode [null].
17:51:56.962 [Test worker] DEBUG org.springframework.test.context.support.TestPropertySourceUtils - Adding inlined properties to environment: {spring.jmx.enabled=false, org.springframework.boot.test.context.SpringBootTestContextBootstrapper=true}

  .   ____          _            __ _ _
 /\\ / ___'_ __ _ _(_)_ __  __ _ \ \ \ \
( ( )\___ | '_ | '_| | '_ \/ _` | \ \ \ \
 \\/  ___)| |_)| | | | | || (_| |  ) ) ) )
  '  |____| .__|_| |_|_| |_\__, | / / / /
 =========|_|==============|___/=/_/_/_/
 :: Spring Boot ::       (v2.6.0-SNAPSHOT)

2021-11-05 17:51:57.318  INFO 13012 --- [    Test worker] H.H.HameoSpring1ApplicationTests         : Starting HameoSpring1ApplicationTests using Java 16.0.1 on DESKTOP-05U7VN1 with PID 13012 (started by Hayeong in C:\Hameo-spring1\Hameo-spring1)
2021-11-05 17:51:57.321  INFO 13012 --- [    Test worker] H.H.HameoSpring1ApplicationTests         : No active profile set, falling back to default profiles: default
2021-11-05 17:51:59.215  INFO 13012 --- [    Test worker] o.s.b.a.w.s.WelcomePageHandlerMapping    : Adding welcome page: class path resource [static/index.html]
2021-11-05 17:51:59.631  INFO 13012 --- [    Test worker] H.H.HameoSpring1ApplicationTests         : Started HameoSpring1ApplicationTests in 2.662 seconds (JVM running for 4.18)
]]></system-out>
  <system-err><![CDATA[]]></system-err>
</testsuite>
